Format:
x	y	gcv min		gcv max

Cluster 1:
719	46	-1.80e+308	1.80e+308
420	29	-1.80e+308	1.80e+308
333	26	-1.80e+308	1.80e+308
33	37	-1.80e+308	1.80e+308
359	53	-1.80e+308	1.80e+308
311	87	-1.80e+308	1.80e+308
493	60	-1.80e+308	1.80e+308
118	28	-1.80e+308	1.80e+308
283	19	-1.80e+308	1.80e+308
366	57	-1.80e+308	1.80e+308
178	17	-1.80e+308	1.80e+308
340	49	-1.80e+308	1.80e+308
95	62	-1.80e+308	1.80e+308
204	71	-1.80e+308	1.80e+308
800	57	-1.80e+308	1.80e+308
529	23	-1.80e+308	1.80e+308
370	16	-1.80e+308	1.80e+308
683	55	-1.80e+308	1.80e+308
907	44	-1.80e+308	1.80e+308
161	19	-1.80e+308	1.80e+308
741	12	-1.80e+308	1.80e+308
801	76	-1.80e+308	1.80e+308
514	50	-1.80e+308	1.80e+308
741	92	-1.80e+308	1.80e+308
751	61	-1.80e+308	1.80e+308
722	83	-1.80e+308	1.80e+308
50	91	-1.80e+308	1.80e+308
862	14	-1.80e+308	1.80e+308
392	45	-1.80e+308	1.80e+308
678	80	-1.80e+308	1.80e+308
330	65	-1.80e+308	1.80e+308
362	67	-1.80e+308	1.80e+308
187	86	-1.80e+308	1.80e+308
987	44	-1.80e+308	1.80e+308
527	95	-1.80e+308	1.80e+308
182	12	-1.80e+308	1.80e+308
209	48	-1.80e+308	1.80e+308
601	94	-1.80e+308	1.80e+308
34	78	-1.80e+308	1.80e+308
317	95	-1.80e+308	1.80e+308
493	3	-1.80e+308	1.80e+308
72	28	-1.80e+308	1.80e+308
557	24	-1.80e+308	1.80e+308
708	96	-1.80e+308	1.80e+308
927	47	-1.80e+308	1.80e+308
648	56	-1.80e+308	1.80e+308
824	88	-1.80e+308	1.80e+308
921	11	-1.80e+308	1.80e+308
851	16	-1.80e+308	1.80e+308
329	94	-1.80e+308	1.80e+308
77	76	-1.80e+308	1.80e+308
592	88	-1.80e+308	1.80e+308
135	92	-1.80e+308	1.80e+308
169	21	-1.80e+308	1.80e+308
397	45	-1.80e+308	1.80e+308
598	10	-1.80e+308	1.80e+308
598	6	-1.80e+308	1.80e+308
125	39	-1.80e+308	1.80e+308
191	56	-1.80e+308	1.80e+308
554	55	-1.80e+308	1.80e+308
466	23	-1.80e+308	1.80e+308
299	8	-1.80e+308	1.80e+308
28	78	-1.80e+308	1.80e+308
675	4	-1.80e+308	1.80e+308
328	72	-1.80e+308	1.80e+308
12	98	-1.80e+308	1.80e+308
378	71	-1.80e+308	1.80e+308
425	29	-1.80e+308	1.80e+308
352	32	-1.80e+308	1.80e+308
53	38	-1.80e+308	1.80e+308
801	75	-1.80e+308	1.80e+308
172	20	-1.80e+308	1.80e+308
115	45	-1.80e+308	1.80e+308
442	90	-1.80e+308	1.80e+308
520	11	-1.80e+308	1.80e+308
174	21	-1.80e+308	1.80e+308
826	23	-1.80e+308	1.80e+308
218	16	-1.80e+308	1.80e+308
9	22	-1.80e+308	1.80e+308
117	73	-1.80e+308	1.80e+308
447	75	-1.80e+308	1.80e+308
148	94	-1.80e+308	1.80e+308
488	94	-1.80e+308	1.80e+308
881	7	-1.80e+308	1.80e+308
520	69	-1.80e+308	1.80e+308
284	30	-1.80e+308	1.80e+308
725	95	-1.80e+308	1.80e+308
818	62	-1.80e+308	1.80e+308
231	57	-1.80e+308	1.80e+308
650	70	-1.80e+308	1.80e+308
182	60	-1.80e+308	1.80e+308
957	102	-4.76e+04	-4.68e+04
663	102	-3.29e+04	-3.21e+04
GCV position: -46830.0

Cluster 1:
806	103	-2.67e+04	-2.62e+04
GCV position: -32130.0

Cluster 2:
443	102	-2.19e+04	-2.11e+04
GCV position: -26180.0

Cluster 3:
856	110	-8.51e+03	-8.34e+03
GCV position: -21130.0

Cluster 4:
231	103	-7.53e+03	-7.01e+03
GCV position: -8340.0

Cluster 5:
151	102	-7.30e+03	-6.53e+03
497	107	-7.02e+03	-6.79e+03
145	102	-7.00e+03	-6.23e+03
GCV position: -7013.333333333333

Cluster 6:
763	115	-5.05e+03	-4.93e+03
GCV position: -6230.0

Cluster 7:
491	110	-4.86e+03	-4.69e+03
GCV position: -4933.333333333333

Cluster 8:
771	116	-4.78e+03	-4.67e+03
958	120	-4.76e+03	-4.67e+03
896	121	-4.24e+03	-4.15e+03
GCV position: -4690.0

Cluster 9:
946	123	-4.09e+03	-4.01e+03
GCV position: -4151.428571428572

Cluster 10:
495	112	-4.08e+03	-3.94e+03
530	115	-3.50e+03	-3.38e+03
GCV position: -4006.086956521739

Cluster 11:
629	119	-3.28e+03	-3.19e+03
GCV position: -3380.0

Cluster 12:
908	129	-3.11e+03	-3.04e+03
GCV position: -3185.2631578947367

Cluster 13:
347	111	-3.10e+03	-2.95e+03
937	130	-3.10e+03	-3.04e+03
67	102	-3.10e+03	-2.33e+03
918	130	-3.04e+03	-2.97e+03
GCV position: -3042.0689655172414

Cluster 14:
830	128	-2.94e+03	-2.87e+03
GCV position: -2973.3333333333335

Cluster 15:
929	132	-2.88e+03	-2.82e+03
595	121	-2.80e+03	-2.72e+03
GCV position: -2872.8571428571427

Cluster 16:
727	126	-2.77e+03	-2.70e+03
800	131	-2.56e+03	-2.50e+03
GCV position: -2718.095238095238

Cluster 17:
177	107	-2.45e+03	-2.22e+03
GCV position: -2496.1290322580644

Cluster 18:
617	125	-2.44e+03	-2.37e+03
656	129	-2.24e+03	-2.17e+03
GCV position: -2368.0

Cluster 19:
616	128	-2.18e+03	-2.11e+03
858	144	-1.93e+03	-1.88e+03
GCV position: -2173.103448275862

Cluster 20:
363	119	-1.88e+03	-1.79e+03
GCV position: -1884.5454545454545

Cluster 21:
861	147	-1.82e+03	-1.77e+03
777	143	-1.79e+03	-1.74e+03
591	133	-1.77e+03	-1.71e+03
GCV position: -1785.2631578947367

Cluster 22:
813	150	-1.61e+03	-1.57e+03
GCV position: -1710.3030303030305

Cluster 23:
941	159	-1.58e+03	-1.54e+03
268	117	-1.54e+03	-1.44e+03
GCV position: -1566.0

Cluster 24:
599	140	-1.48e+03	-1.43e+03
770	152	-1.47e+03	-1.42e+03
667	145	-1.47e+03	-1.42e+03
738	150	-1.46e+03	-1.42e+03
703	151	-1.36e+03	-1.32e+03
GCV position: -1438.8235294117646

Cluster 25:
685	152	-1.30e+03	-1.26e+03
GCV position: -1319.2156862745098

Cluster 26:
438	135	-1.23e+03	-1.17e+03
GCV position: -1258.8461538461538

Cluster 27:
486	140	-1.20e+03	-1.15e+03
705	160	-1.16e+03	-1.12e+03
GCV position: -1174.2857142857142

Cluster 28:
565	148	-1.16e+03	-1.12e+03
851	177	-1.09e+03	-1.06e+03
GCV position: -1121.6666666666667

Cluster 29:
590	155	-1.06e+03	-1.02e+03
GCV position: -1059.2207792207791

Cluster 30:
628	161	-1.02e+03	-9.77e+02
GCV position: -1016.3636363636363

Cluster 31:
742	173	-1.00e+03	-9.69e+02
972	196	-1.00e+03	-9.72e+02
789	179	-9.87e+02	-9.53e+02
490	150	-9.65e+02	-9.20e+02
GCV position: -976.72131147541

Cluster 32:
868	191	-9.43e+02	-9.12e+02
313	133	-9.28e+02	-8.68e+02
594	164	-9.15e+02	-8.77e+02
GCV position: -920.0

Cluster 33:
238	126	-8.91e+02	-8.18e+02
614	168	-8.91e+02	-8.54e+02
551	162	-8.76e+02	-8.36e+02
GCV position: -876.875

Cluster 34:
611	170	-8.61e+02	-8.24e+02
592	168	-8.58e+02	-8.21e+02
574	166	-8.57e+02	-8.19e+02
259	130	-8.42e+02	-7.77e+02
568	168	-8.23e+02	-7.86e+02
GCV position: -836.4516129032259

Cluster 35:
403	152	-7.60e+02	-7.17e+02
GCV position: -785.8823529411766

Cluster 36:
722	195	-7.50e+02	-7.19e+02
673	189	-7.46e+02	-7.14e+02
801	208	-7.32e+02	-7.03e+02
641	187	-7.26e+02	-6.94e+02
540	175	-7.08e+02	-6.73e+02
GCV position: -718.9473684210527

Cluster 37:
430	161	-6.92e+02	-6.52e+02
873	226	-6.84e+02	-6.57e+02
805	217	-6.79e+02	-6.51e+02
578	184	-6.77e+02	-6.44e+02
701	203	-6.71e+02	-6.41e+02
GCV position: -673.3333333333333

Cluster 38:
672	202	-6.49e+02	-6.19e+02
581	190	-6.35e+02	-6.03e+02
GCV position: -641.1650485436894

Cluster 39:
909	243	-6.27e+02	-6.02e+02
989	261	-6.06e+02	-5.82e+02
598	198	-6.00e+02	-5.70e+02
GCV position: -603.3333333333333

Cluster 40:
958	258	-5.98e+02	-5.74e+02
921	258	-5.75e+02	-5.50e+02
398	169	-5.65e+02	-5.28e+02
GCV position: -573.6708860759493

Cluster 41:
767	234	-5.64e+02	-5.37e+02
726	231	-5.45e+02	-5.19e+02
612	215	-5.23e+02	-4.95e+02
GCV position: -537.4626865671642

Cluster 42:
874	265	-5.22e+02	-4.98e+02
687	230	-5.20e+02	-4.93e+02
368	171	-5.06e+02	-4.70e+02
875	276	-4.89e+02	-4.66e+02
GCV position: -497.5757575757575

Cluster 43:
469	194	-4.89e+02	-4.58e+02
607	226	-4.73e+02	-4.46e+02
972	303	-4.71e+02	-4.49e+02
62	112	-4.70e+02	-3.30e+02
784	266	-4.64e+02	-4.40e+02
GCV position: -465.7954545454545

Cluster 44:
752	260	-4.62e+02	-4.38e+02
736	258	-4.58e+02	-4.33e+02
573	225	-4.49e+02	-4.22e+02
345	175	-4.48e+02	-4.13e+02
811	279	-4.45e+02	-4.22e+02
426	194	-4.43e+02	-4.12e+02
627	239	-4.42e+02	-4.17e+02
917	304	-4.42e+02	-4.20e+02
410	191	-4.40e+02	-4.09e+02
GCV position: -440.2409638554218

Cluster 45:
519	217	-4.34e+02	-4.06e+02
900	305	-4.32e+02	-4.09e+02
757	274	-4.27e+02	-4.04e+02
587	235	-4.26e+02	-4.00e+02
740	271	-4.25e+02	-4.01e+02
596	238	-4.23e+02	-3.97e+02
791	284	-4.22e+02	-3.99e+02
444	203	-4.21e+02	-3.92e+02
443	203	-4.20e+02	-3.91e+02
918	317	-4.16e+02	-3.94e+02
641	252	-4.13e+02	-3.89e+02
702	267	-4.12e+02	-3.88e+02
889	316	-4.04e+02	-3.82e+02
GCV position: -409.2682926829268

Cluster 46:
650	259	-4.01e+02	-3.76e+02
893	319	-4.00e+02	-3.79e+02
799	298	-3.96e+02	-3.73e+02
641	260	-3.93e+02	-3.68e+02
655	265	-3.89e+02	-3.65e+02
908	330	-3.88e+02	-3.66e+02
385	198	-3.83e+02	-3.52e+02
460	219	-3.77e+02	-3.50e+02
GCV position: -382.3148148148148

Cluster 47:
384	200	-3.74e+02	-3.44e+02
912	340	-3.73e+02	-3.52e+02
887	334	-3.72e+02	-3.51e+02
264	170	-3.65e+02	-3.29e+02
398	209	-3.56e+02	-3.27e+02
662	283	-3.54e+02	-3.31e+02
920	355	-3.54e+02	-3.33e+02
907	356	-3.47e+02	-3.26e+02
GCV position: -351.66666666666674

Cluster 48:
947	368	-3.46e+02	-3.26e+02
708	303	-3.41e+02	-3.19e+02
53	114	-3.38e+02	-2.16e+02
846	350	-3.31e+02	-3.10e+02
826	350	-3.23e+02	-3.02e+02
GCV position: -326.484375

Cluster 49:
926	383	-3.20e+02	-3.00e+02
401	222	-3.20e+02	-2.92e+02
946	390	-3.19e+02	-2.99e+02
945	394	-3.15e+02	-2.95e+02
668	308	-3.14e+02	-2.92e+02
783	345	-3.13e+02	-2.91e+02
619	296	-3.08e+02	-2.86e+02
875	378	-3.08e+02	-2.88e+02
917	395	-3.04e+02	-2.84e+02
645	311	-2.98e+02	-2.76e+02
GCV position: -302.4000000000001

Cluster 50:
721	338	-2.96e+02	-2.75e+02
369	221	-2.96e+02	-2.68e+02
737	344	-2.95e+02	-2.74e+02
919	405	-2.95e+02	-2.75e+02
549	282	-2.94e+02	-2.71e+02
789	371	-2.84e+02	-2.64e+02
687	339	-2.80e+02	-2.59e+02
383	233	-2.79e+02	-2.53e+02
672	335	-2.79e+02	-2.57e+02
509	278	-2.78e+02	-2.55e+02
353	223	-2.78e+02	-2.51e+02
882	414	-2.74e+02	-2.55e+02
GCV position: -276.20853080568725

Cluster 51:
811	389	-2.74e+02	-2.54e+02
261	192	-2.73e+02	-2.42e+02
524	289	-2.70e+02	-2.47e+02
521	289	-2.68e+02	-2.45e+02
777	383	-2.68e+02	-2.47e+02
997	466	-2.66e+02	-2.47e+02
501	283	-2.66e+02	-2.43e+02
712	361	-2.66e+02	-2.45e+02
692	355	-2.64e+02	-2.44e+02
569	312	-2.61e+02	-2.39e+02
527	297	-2.60e+02	-2.37e+02
315	217	-2.60e+02	-2.32e+02
805	402	-2.60e+02	-2.40e+02
849	421	-2.58e+02	-2.38e+02
774	393	-2.57e+02	-2.37e+02
647	345	-2.57e+02	-2.36e+02
793	401	-2.57e+02	-2.37e+02
379	243	-2.57e+02	-2.31e+02
732	378	-2.57e+02	-2.36e+02
971	472	-2.55e+02	-2.36e+02
479	283	-2.54e+02	-2.31e+02
GCV position: -254.52229299363057

Cluster 52:
918	453	-2.54e+02	-2.34e+02
471	281	-2.52e+02	-2.29e+02
701	371	-2.52e+02	-2.31e+02
962	473	-2.52e+02	-2.33e+02
450	274	-2.51e+02	-2.27e+02
565	319	-2.51e+02	-2.29e+02
219	184	-2.50e+02	-2.17e+02
728	384	-2.50e+02	-2.29e+02
605	336	-2.49e+02	-2.28e+02
915	458	-2.49e+02	-2.30e+02
963	477	-2.49e+02	-2.30e+02
262	202	-2.47e+02	-2.17e+02
963	481	-2.46e+02	-2.28e+02
856	439	-2.46e+02	-2.27e+02
35	112	-2.45e+02	-1.05e+02
521	309	-2.42e+02	-2.20e+02
494	300	-2.40e+02	-2.17e+02
786	422	-2.38e+02	-2.18e+02
911	475	-2.37e+02	-2.18e+02
348	242	-2.37e+02	-2.11e+02
246	200	-2.36e+02	-2.06e+02
222	191	-2.33e+02	-2.02e+02
GCV position: -234.39093484419254

Cluster 53:
36	113	-2.33e+02	-1.03e+02
500	308	-2.33e+02	-2.11e+02
260	208	-2.31e+02	-2.02e+02
381	260	-2.30e+02	-2.06e+02
605	358	-2.28e+02	-2.07e+02
342	245	-2.27e+02	-2.02e+02
687	394	-2.27e+02	-2.07e+02
870	474	-2.26e+02	-2.07e+02
717	408	-2.26e+02	-2.06e+02
724	412	-2.25e+02	-2.06e+02
751	425	-2.25e+02	-2.05e+02
599	360	-2.23e+02	-2.03e+02
501	318	-2.23e+02	-2.01e+02
579	354	-2.21e+02	-2.00e+02
941	516	-2.20e+02	-2.01e+02
977	534	-2.19e+02	-2.01e+02
629	379	-2.19e+02	-1.98e+02
385	270	-2.19e+02	-1.95e+02
385	270	-2.19e+02	-1.95e+02
920	516	-2.15e+02	-1.96e+02
905	517	-2.11e+02	-1.92e+02
854	494	-2.10e+02	-1.92e+02
GCV position: -210.76923076923072

Cluster 54:
996	564	-2.09e+02	-1.90e+02
855	498	-2.09e+02	-1.90e+02
639	398	-2.08e+02	-1.88e+02
975	558	-2.07e+02	-1.89e+02
449	310	-2.06e+02	-1.84e+02
851	501	-2.06e+02	-1.87e+02
344	262	-2.04e+02	-1.80e+02
791	476	-2.04e+02	-1.85e+02
609	389	-2.04e+02	-1.84e+02
992	577	-2.02e+02	-1.84e+02
932	549	-2.01e+02	-1.83e+02
743	460	-2.00e+02	-1.81e+02
542	364	-1.98e+02	-1.78e+02
809	498	-1.97e+02	-1.78e+02
620	406	-1.96e+02	-1.76e+02
576	386	-1.95e+02	-1.74e+02
476	336	-1.95e+02	-1.73e+02
743	470	-1.94e+02	-1.75e+02
276	236	-1.94e+02	-1.68e+02
822	512	-1.93e+02	-1.75e+02
455	327	-1.93e+02	-1.72e+02
871	537	-1.93e+02	-1.75e+02
470	336	-1.92e+02	-1.71e+02
576	390	-1.92e+02	-1.72e+02
367	284	-1.92e+02	-1.69e+02
741	475	-1.91e+02	-1.72e+02
GCV position: -191.6751269035533

Cluster 55:
735	472	-1.91e+02	-1.72e+02
961	588	-1.91e+02	-1.73e+02
702	457	-1.90e+02	-1.71e+02
821	519	-1.90e+02	-1.71e+02
957	597	-1.87e+02	-1.69e+02
976	608	-1.86e+02	-1.68e+02
823	529	-1.86e+02	-1.67e+02
991	624	-1.83e+02	-1.65e+02
671	454	-1.83e+02	-1.64e+02
321	269	-1.82e+02	-1.58e+02
757	504	-1.81e+02	-1.62e+02
995	635	-1.80e+02	-1.62e+02
506	371	-1.80e+02	-1.59e+02
506	372	-1.79e+02	-1.59e+02
996	639	-1.79e+02	-1.61e+02
604	429	-1.77e+02	-1.58e+02
818	548	-1.76e+02	-1.58e+02
505	376	-1.76e+02	-1.56e+02
882	585	-1.76e+02	-1.58e+02
616	438	-1.76e+02	-1.56e+02
843	569	-1.74e+02	-1.55e+02
946	627	-1.74e+02	-1.56e+02
764	528	-1.72e+02	-1.54e+02
GCV position: -172.827868852459

Cluster 56:
678	480	-1.72e+02	-1.53e+02
950	637	-1.71e+02	-1.53e+02
978	655	-1.70e+02	-1.53e+02
554	414	-1.70e+02	-1.50e+02
246	239	-1.68e+02	-1.43e+02
616	454	-1.68e+02	-1.48e+02
752	535	-1.67e+02	-1.48e+02
915	630	-1.67e+02	-1.49e+02
523	402	-1.67e+02	-1.47e+02
386	323	-1.66e+02	-1.44e+02
546	417	-1.66e+02	-1.46e+02
533	410	-1.65e+02	-1.45e+02
900	627	-1.65e+02	-1.47e+02
577	437	-1.65e+02	-1.45e+02
113	164	-1.64e+02	-1.25e+02
997	688	-1.64e+02	-1.46e+02
548	422	-1.64e+02	-1.44e+02
341	300	-1.63e+02	-1.41e+02
960	671	-1.62e+02	-1.45e+02
820	588	-1.62e+02	-1.44e+02
525	412	-1.62e+02	-1.42e+02
823	592	-1.61e+02	-1.43e+02
553	432	-1.60e+02	-1.41e+02
512	408	-1.60e+02	-1.40e+02
648	492	-1.59e+02	-1.40e+02
545	430	-1.59e+02	-1.39e+02
664	503	-1.59e+02	-1.40e+02
457	377	-1.58e+02	-1.38e+02
655	499	-1.58e+02	-1.39e+02
727	544	-1.58e+02	-1.39e+02
934	672	-1.57e+02	-1.40e+02
714	537	-1.57e+02	-1.39e+02
776	576	-1.57e+02	-1.39e+02
256	255	-1.57e+02	-1.32e+02
331	302	-1.56e+02	-1.34e+02
630	490	-1.55e+02	-1.36e+02
859	636	-1.54e+02	-1.37e+02
689	533	-1.53e+02	-1.35e+02
GCV position: -153.8317757009346

Cluster 57:
668	520	-1.53e+02	-1.34e+02
759	578	-1.53e+02	-1.35e+02
773	589	-1.52e+02	-1.34e+02
909	677	-1.52e+02	-1.34e+02
636	503	-1.52e+02	-1.33e+02
930	691	-1.52e+02	-1.34e+02
715	556	-1.51e+02	-1.32e+02
936	698	-1.51e+02	-1.33e+02
886	667	-1.50e+02	-1.33e+02
434	377	-1.50e+02	-1.29e+02
388	348	-1.49e+02	-1.28e+02
506	425	-1.49e+02	-1.30e+02
437	381	-1.49e+02	-1.28e+02
557	460	-1.48e+02	-1.29e+02
602	490	-1.48e+02	-1.29e+02
912	693	-1.48e+02	-1.30e+02
346	323	-1.48e+02	-1.26e+02
734	582	-1.46e+02	-1.28e+02
825	643	-1.46e+02	-1.28e+02
751	595	-1.46e+02	-1.28e+02
962	737	-1.45e+02	-1.28e+02
776	614	-1.45e+02	-1.27e+02
74	146	-1.45e+02	-9.74e+01
325	314	-1.45e+02	-1.23e+02
275	281	-1.44e+02	-1.21e+02
298	297	-1.44e+02	-1.21e+02
413	375	-1.43e+02	-1.23e+02
916	715	-1.43e+02	-1.26e+02
649	535	-1.43e+02	-1.25e+02
733	593	-1.43e+02	-1.25e+02
760	612	-1.42e+02	-1.25e+02
935	733	-1.42e+02	-1.25e+02
463	412	-1.42e+02	-1.22e+02
341	329	-1.42e+02	-1.20e+02
921	725	-1.42e+02	-1.24e+02
871	691	-1.42e+02	-1.24e+02
344	334	-1.40e+02	-1.18e+02
910	726	-1.40e+02	-1.22e+02
684	570	-1.39e+02	-1.21e+02
505	448	-1.39e+02	-1.19e+02
894	723	-1.38e+02	-1.20e+02
724	604	-1.38e+02	-1.20e+02
681	575	-1.37e+02	-1.19e+02
708	595	-1.37e+02	-1.19e+02
696	589	-1.36e+02	-1.18e+02
529	471	-1.36e+02	-1.17e+02
893	729	-1.36e+02	-1.19e+02
963	780	-1.36e+02	-1.19e+02
992	802	-1.36e+02	-1.18e+02
908	744	-1.35e+02	-1.18e+02
810	676	-1.35e+02	-1.17e+02
225	258	-1.34e+02	-1.10e+02
GCV position: -134.6025104602511

Cluster 58:
947	781	-1.33e+02	-1.16e+02
565	505	-1.33e+02	-1.15e+02
833	701	-1.33e+02	-1.15e+02
563	507	-1.32e+02	-1.13e+02
770	658	-1.32e+02	-1.14e+02
799	685	-1.31e+02	-1.13e+02
967	809	-1.31e+02	-1.14e+02
246	278	-1.30e+02	-1.07e+02
782	675	-1.30e+02	-1.13e+02
867	739	-1.30e+02	-1.13e+02
153	210	-1.30e+02	-1.01e+02
564	516	-1.29e+02	-1.11e+02
670	596	-1.29e+02	-1.11e+02
565	518	-1.29e+02	-1.10e+02
940	798	-1.29e+02	-1.12e+02
835	722	-1.28e+02	-1.11e+02
896	773	-1.27e+02	-1.10e+02
432	423	-1.27e+02	-1.08e+02
651	589	-1.27e+02	-1.09e+02
592	546	-1.27e+02	-1.08e+02
544	511	-1.26e+02	-1.07e+02
248	286	-1.26e+02	-1.03e+02
257	293	-1.26e+02	-1.03e+02
868	762	-1.25e+02	-1.08e+02
967	841	-1.25e+02	-1.08e+02
645	595	-1.24e+02	-1.06e+02
670	616	-1.24e+02	-1.06e+02
925	816	-1.23e+02	-1.06e+02
226	272	-1.23e+02	-9.98e+01
967	851	-1.23e+02	-1.06e+02
379	392	-1.23e+02	-1.03e+02
635	592	-1.23e+02	-1.05e+02
298	329	-1.23e+02	-1.01e+02
949	841	-1.22e+02	-1.05e+02
590	561	-1.22e+02	-1.04e+02
672	628	-1.21e+02	-1.03e+02
783	716	-1.21e+02	-1.04e+02
326	355	-1.21e+02	-1.00e+02
733	679	-1.21e+02	-1.03e+02
963	864	-1.20e+02	-1.03e+02
703	658	-1.20e+02	-1.02e+02
836	766	-1.20e+02	-1.03e+02
507	506	-1.19e+02	-1.00e+02
220	274	-1.19e+02	-9.49e+01
887	815	-1.18e+02	-1.01e+02
785	733	-1.18e+02	-1.01e+02
982	894	-1.18e+02	-1.01e+02
942	862	-1.18e+02	-1.01e+02
819	763	-1.18e+02	-1.01e+02
923	851	-1.17e+02	-1.00e+02
825	772	-1.17e+02	-9.98e+01
661	638	-1.17e+02	-9.91e+01
725	694	-1.16e+02	-9.87e+01
467	483	-1.16e+02	-9.67e+01
GCV position: -116.12334801762108

Cluster 59:
973	905	-1.15e+02	-9.84e+01
935	874	-1.15e+02	-9.82e+01
281	330	-1.15e+02	-9.35e+01
607	603	-1.15e+02	-9.67e+01
395	427	-1.14e+02	-9.47e+01
464	486	-1.14e+02	-9.50e+01
725	707	-1.14e+02	-9.61e+01
471	493	-1.14e+02	-9.48e+01
753	732	-1.13e+02	-9.60e+01
704	692	-1.13e+02	-9.55e+01
564	574	-1.13e+02	-9.48e+01
736	724	-1.12e+02	-9.47e+01
357	402	-1.12e+02	-9.16e+01
505	529	-1.12e+02	-9.31e+01
597	611	-1.11e+02	-9.29e+01
914	886	-1.11e+02	-9.37e+01
659	668	-1.10e+02	-9.25e+01
953	926	-1.10e+02	-9.30e+01
515	545	-1.10e+02	-9.12e+01
810	803	-1.10e+02	-9.24e+01
529	558	-1.09e+02	-9.11e+01
984	957	-1.09e+02	-9.25e+01
924	907	-1.09e+02	-9.20e+01
810	810	-1.08e+02	-9.13e+01
987	970	-1.08e+02	-9.11e+01
821	823	-1.08e+02	-9.08e+01
541	575	-1.08e+02	-8.97e+01
481	522	-1.08e+02	-8.92e+01
635	660	-1.08e+02	-8.98e+01
986	972	-1.08e+02	-9.08e+01
399	451	-1.07e+02	-8.80e+01
556	591	-1.07e+02	-8.92e+01
586	619	-1.07e+02	-8.91e+01
99	184	-1.07e+02	-7.40e+01
90	176	-1.07e+02	-7.21e+01
680	704	-1.07e+02	-8.93e+01
396	450	-1.07e+02	-8.74e+01
954	951	-1.07e+02	-8.98e+01
131	213	-1.07e+02	-7.82e+01
597	632	-1.06e+02	-8.85e+01
816	829	-1.06e+02	-8.92e+01
706	735	-1.05e+02	-8.80e+01
784	806	-1.05e+02	-8.82e+01
348	413	-1.05e+02	-8.48e+01
546	594	-1.05e+02	-8.65e+01
982	993	-1.04e+02	-8.77e+01
787	815	-1.04e+02	-8.73e+01
569	616	-1.04e+02	-8.64e+01
890	911	-1.04e+02	-8.73e+01
897	922	-1.04e+02	-8.67e+01
778	813	-1.03e+02	-8.63e+01
642	689	-1.03e+02	-8.56e+01
478	542	-1.02e+02	-8.36e+01
904	941	-1.02e+02	-8.51e+01
607	664	-1.02e+02	-8.41e+01
948	984	-1.02e+02	-8.50e+01
883	924	-1.02e+02	-8.47e+01
622	681	-1.01e+02	-8.36e+01
711	765	-1.01e+02	-8.39e+01
814	865	-1.01e+02	-8.38e+01
576	641	-1.01e+02	-8.28e+01
559	627	-1.00e+02	-8.23e+01
757	816	-1.00e+02	-8.29e+01
866	921	-9.99e+01	-8.30e+01
870	925	-9.98e+01	-8.30e+01
894	953	-9.92e+01	-8.25e+01
279	363	-9.92e+01	-7.85e+01
505	582	-9.87e+01	-8.06e+01
629	703	-9.85e+01	-8.10e+01
616	692	-9.82e+01	-8.07e+01
GCV position: -98.38509316770183

Cluster 60:
863	932	-9.81e+01	-8.13e+01
139	230	-9.81e+01	-7.15e+01
364	450	-9.76e+01	-7.83e+01
446	531	-9.73e+01	-7.88e+01
889	964	-9.73e+01	-8.06e+01
229	319	-9.73e+01	-7.54e+01
592	676	-9.69e+01	-7.93e+01
337	426	-9.68e+01	-7.72e+01
747	830	-9.66e+01	-7.96e+01
72	166	-9.65e+01	-5.88e+01
522	610	-9.64e+01	-7.84e+01
594	683	-9.60e+01	-7.85e+01
745	834	-9.58e+01	-7.88e+01
893	985	-9.53e+01	-7.86e+01
693	788	-9.50e+01	-7.78e+01
698	794	-9.49e+01	-7.77e+01
442	538	-9.48e+01	-7.63e+01
713	811	-9.46e+01	-7.75e+01
848	947	-9.45e+01	-7.78e+01
366	463	-9.44e+01	-7.53e+01
869	970	-9.43e+01	-7.76e+01
558	658	-9.41e+01	-7.64e+01
319	418	-9.37e+01	-7.40e+01
152	249	-9.37e+01	-6.86e+01
330	430	-9.35e+01	-7.39e+01
715	823	-9.32e+01	-7.61e+01
357	463	-9.20e+01	-7.28e+01
647	766	-9.14e+01	-7.41e+01
568	686	-9.11e+01	-7.35e+01
736	861	-9.11e+01	-7.41e+01
592	712	-9.09e+01	-7.35e+01
139	240	-9.07e+01	-6.50e+01
559	679	-9.07e+01	-7.31e+01
218	323	-9.05e+01	-6.88e+01
430	547	-9.01e+01	-7.17e+01
828	967	-8.99e+01	-7.32e+01
133	235	-8.98e+01	-6.37e+01
261	370	-8.98e+01	-6.93e+01
828	972	-8.94e+01	-7.27e+01
508	640	-8.81e+01	-7.04e+01
407	532	-8.81e+01	-6.96e+01
269	384	-8.80e+01	-6.77e+01
701	851	-8.77e+01	-7.07e+01
489	625	-8.72e+01	-6.93e+01
498	635	-8.71e+01	-6.93e+01
660	811	-8.71e+01	-7.00e+01
597	745	-8.68e+01	-6.95e+01
624	775	-8.67e+01	-6.95e+01
628	780	-8.66e+01	-6.94e+01
654	810	-8.64e+01	-6.93e+01
784	954	-8.62e+01	-6.95e+01
251	370	-8.61e+01	-6.56e+01
728	895	-8.59e+01	-6.91e+01
808	987	-8.55e+01	-6.88e+01
509	660	-8.50e+01	-6.73e+01
668	837	-8.50e+01	-6.79e+01
522	675	-8.49e+01	-6.73e+01
732	909	-8.49e+01	-6.80e+01
534	689	-8.48e+01	-6.73e+01
492	643	-8.47e+01	-6.69e+01
762	947	-8.44e+01	-6.76e+01
400	542	-8.44e+01	-6.60e+01
316	450	-8.39e+01	-6.46e+01
653	832	-8.35e+01	-6.65e+01
634	812	-8.33e+01	-6.62e+01
771	968	-8.32e+01	-6.65e+01
477	635	-8.32e+01	-6.54e+01
288	421	-8.32e+01	-6.35e+01
146	260	-8.31e+01	-5.88e+01
606	783	-8.30e+01	-6.58e+01
586	762	-8.28e+01	-6.55e+01
97	205	-8.26e+01	-5.33e+01
476	639	-8.24e+01	-6.46e+01
783	999	-8.15e+01	-6.49e+01
696	900	-8.14e+01	-6.45e+01
715	923	-8.13e+01	-6.44e+01
GCV position: -81.32211538461536

Cluster 61:
552	736	-8.10e+01	-6.36e+01
278	419	-8.06e+01	-6.09e+01
178	303	-8.02e+01	-5.78e+01
672	888	-7.96e+01	-6.27e+01
659	874	-7.95e+01	-6.26e+01
696	918	-7.95e+01	-6.26e+01
595	799	-7.94e+01	-6.23e+01
499	686	-7.93e+01	-6.17e+01
228	365	-7.92e+01	-5.85e+01
604	812	-7.91e+01	-6.20e+01
733	967	-7.90e+01	-6.22e+01
653	874	-7.87e+01	-6.18e+01
392	564	-7.84e+01	-6.02e+01
173	302	-7.82e+01	-5.57e+01
282	434	-7.79e+01	-5.84e+01
630	858	-7.75e+01	-6.05e+01
409	590	-7.74e+01	-5.94e+01
603	826	-7.74e+01	-6.03e+01
621	848	-7.74e+01	-6.03e+01
309	470	-7.72e+01	-5.81e+01
307	468	-7.71e+01	-5.80e+01
725	983	-7.65e+01	-5.98e+01
661	905	-7.65e+01	-5.96e+01
435	628	-7.64e+01	-5.86e+01
547	766	-7.64e+01	-5.91e+01
683	939	-7.58e+01	-5.90e+01
512	730	-7.55e+01	-5.81e+01
333	510	-7.50e+01	-5.63e+01
519	745	-7.47e+01	-5.74e+01
638	895	-7.46e+01	-5.77e+01
517	747	-7.41e+01	-5.68e+01
562	812	-7.32e+01	-5.61e+01
259	425	-7.32e+01	-5.35e+01
601	867	-7.27e+01	-5.57e+01
207	360	-7.27e+01	-5.19e+01
397	610	-7.19e+01	-5.39e+01
582	851	-7.18e+01	-5.48e+01
641	928	-7.18e+01	-5.50e+01
450	680	-7.17e+01	-5.41e+01
274	451	-7.16e+01	-5.24e+01
365	570	-7.16e+01	-5.34e+01
135	270	-7.15e+01	-4.76e+01
650	945	-7.13e+01	-5.46e+01
472	713	-7.12e+01	-5.37e+01
493	741	-7.11e+01	-5.38e+01
630	925	-7.08e+01	-5.39e+01
286	471	-7.07e+01	-5.17e+01
438	674	-7.04e+01	-5.28e+01
154	298	-7.03e+01	-4.77e+01
532	804	-6.99e+01	-5.27e+01
487	744	-6.98e+01	-5.25e+01
619	927	-6.92e+01	-5.24e+01
532	817	-6.85e+01	-5.14e+01
443	698	-6.82e+01	-5.07e+01
627	950	-6.82e+01	-5.14e+01
282	480	-6.79e+01	-4.89e+01
639	971	-6.78e+01	-5.11e+01
579	892	-6.75e+01	-5.06e+01
590	914	-6.69e+01	-5.00e+01
611	944	-6.68e+01	-5.00e+01
643	989	-6.68e+01	-5.01e+01
628	975	-6.62e+01	-4.95e+01
314	534	-6.62e+01	-4.77e+01
456	735	-6.60e+01	-4.87e+01
528	839	-6.58e+01	-4.87e+01
288	500	-6.58e+01	-4.70e+01
591	932	-6.54e+01	-4.86e+01
443	723	-6.53e+01	-4.79e+01
535	854	-6.53e+01	-4.83e+01
413	681	-6.52e+01	-4.76e+01
511	825	-6.48e+01	-4.77e+01
384	644	-6.47e+01	-4.69e+01
605	966	-6.43e+01	-4.76e+01
GCV position: -64.44714459295267

Cluster 62:
421	701	-6.42e+01	-4.67e+01
453	749	-6.40e+01	-4.67e+01
229	426	-6.37e+01	-4.41e+01
293	520	-6.36e+01	-4.50e+01
566	919	-6.35e+01	-4.67e+01
277	500	-6.30e+01	-4.43e+01
270	490	-6.29e+01	-4.41e+01
158	327	-6.24e+01	-4.08e+01
417	714	-6.21e+01	-4.47e+01
282	513	-6.21e+01	-4.34e+01
119	272	-6.13e+01	-3.76e+01
589	982	-6.12e+01	-4.45e+01
574	961	-6.11e+01	-4.43e+01
558	939	-6.09e+01	-4.41e+01
293	539	-6.06e+01	-4.22e+01
448	781	-6.01e+01	-4.28e+01
327	595	-6.01e+01	-4.20e+01
505	869	-6.00e+01	-4.31e+01
80	216	-5.97e+01	-3.17e+01
397	709	-5.94e+01	-4.19e+01
381	685	-5.93e+01	-4.17e+01
566	975	-5.91e+01	-4.24e+01
344	631	-5.88e+01	-4.10e+01
98	246	-5.87e+01	-3.34e+01
464	825	-5.83e+01	-4.12e+01
517	915	-5.78e+01	-4.10e+01
293	561	-5.75e+01	-3.92e+01
350	655	-5.72e+01	-3.95e+01
502	901	-5.70e+01	-4.02e+01
436	798	-5.67e+01	-3.96e+01
481	871	-5.67e+01	-3.98e+01
311	597	-5.66e+01	-3.86e+01
410	763	-5.61e+01	-3.88e+01
533	967	-5.59e+01	-3.92e+01
523	953	-5.57e+01	-3.90e+01
390	734	-5.57e+01	-3.84e+01
157	351	-5.56e+01	-3.46e+01
523	959	-5.53e+01	-3.86e+01
146	335	-5.50e+01	-3.36e+01
524	966	-5.49e+01	-3.82e+01
180	393	-5.47e+01	-3.46e+01
523	969	-5.46e+01	-3.79e+01
338	660	-5.45e+01	-3.68e+01
173	383	-5.44e+01	-3.41e+01
361	700	-5.43e+01	-3.68e+01
490	919	-5.42e+01	-3.74e+01
166	372	-5.42e+01	-3.37e+01
404	776	-5.40e+01	-3.68e+01
113	286	-5.31e+01	-3.00e+01
493	944	-5.28e+01	-3.60e+01
330	664	-5.26e+01	-3.50e+01
330	672	-5.18e+01	-3.42e+01
154	365	-5.12e+01	-3.06e+01
369	751	-5.09e+01	-3.36e+01
432	864	-5.09e+01	-3.39e+01
384	783	-5.05e+01	-3.33e+01
249	541	-5.03e+01	-3.19e+01
498	994	-5.01e+01	-3.35e+01
436	882	-5.01e+01	-3.32e+01
325	681	-5.01e+01	-3.25e+01
232	513	-5.00e+01	-3.13e+01
147	361	-4.94e+01	-2.87e+01
491	994	-4.94e+01	-3.27e+01
486	990	-4.90e+01	-3.24e+01
370	787	-4.81e+01	-3.09e+01
110	298	-4.80e+01	-2.55e+01
276	614	-4.77e+01	-2.98e+01
477	996	-4.77e+01	-3.10e+01
461	966	-4.77e+01	-3.09e+01
245	556	-4.76e+01	-2.93e+01
451	953	-4.73e+01	-3.05e+01
GCV position: -47.551963048498806

Cluster 63:
371	802	-4.71e+01	-3.00e+01
394	856	-4.65e+01	-2.95e+01
233	544	-4.64e+01	-2.80e+01
426	921	-4.63e+01	-2.95e+01
210	502	-4.60e+01	-2.73e+01
235	562	-4.48e+01	-2.65e+01
346	786	-4.47e+01	-2.75e+01
407	917	-4.42e+01	-2.74e+01
229	558	-4.39e+01	-2.56e+01
75	245	-4.33e+01	-1.79e+01
195	499	-4.26e+01	-2.39e+01
196	502	-4.25e+01	-2.38e+01
146	398	-4.23e+01	-2.23e+01
373	879	-4.22e+01	-2.53e+01
169	449	-4.20e+01	-2.27e+01
254	631	-4.19e+01	-2.41e+01
412	981	-4.12e+01	-2.45e+01
377	914	-4.07e+01	-2.39e+01
193	513	-4.05e+01	-2.19e+01
248	638	-4.02e+01	-2.24e+01
307	773	-3.99e+01	-2.26e+01
311	785	-3.97e+01	-2.25e+01
369	922	-3.93e+01	-2.25e+01
94	301	-3.93e+01	-1.68e+01
274	709	-3.92e+01	-2.17e+01
82	278	-3.83e+01	-1.48e+01
165	470	-3.82e+01	-1.92e+01
260	690	-3.82e+01	-2.07e+01
310	806	-3.82e+01	-2.11e+01
286	752	-3.81e+01	-2.08e+01
310	815	-3.77e+01	-2.06e+01
255	689	-3.74e+01	-1.99e+01
340	891	-3.74e+01	-2.05e+01
164	476	-3.73e+01	-1.83e+01
194	548	-3.72e+01	-1.88e+01
76	270	-3.68e+01	-1.29e+01
250	689	-3.66e+01	-1.90e+01
140	425	-3.65e+01	-1.69e+01
327	880	-3.63e+01	-1.94e+01
367	983	-3.60e+01	-1.93e+01
169	526	-3.35e+01	-1.50e+01
225	676	-3.32e+01	-1.56e+01
179	561	-3.27e+01	-1.45e+01
309	910	-3.25e+01	-1.57e+01
334	990	-3.20e+01	-1.53e+01
200	631	-3.17e+01	-1.39e+01
301	909	-3.16e+01	-1.47e+01
296	900	-3.14e+01	-1.45e+01
137	465	-3.12e+01	-1.21e+01
303	927	-3.10e+01	-1.42e+01
238	755	-3.06e+01	-1.33e+01
300	933	-3.04e+01	-1.36e+01
GCV position: -30.52754982415007

Cluster 64:
234	747	-3.04e+01	-1.31e+01
204	664	-3.03e+01	-1.26e+01
300	949	-2.97e+01	-1.30e+01
219	723	-2.93e+01	-1.19e+01
82	325	-2.92e+01	-7.56e+00
170	585	-2.90e+01	-1.09e+01
212	710	-2.89e+01	-1.15e+01
221	747	-2.84e+01	-1.11e+01
9	112	-2.83e+01	1.12e+02
293	972	-2.80e+01	-1.13e+01
196	685	-2.76e+01	-1.01e+01
288	973	-2.74e+01	-1.07e+01
154	560	-2.74e+01	-9.13e+00
284	982	-2.66e+01	-9.93e+00
196	716	-2.60e+01	-8.57e+00
171	637	-2.59e+01	-8.12e+00
101	411	-2.59e+01	-6.05e+00
63	289	-2.57e+01	-2.75e+00
227	825	-2.56e+01	-8.55e+00
182	685	-2.53e+01	-7.69e+00
228	840	-2.51e+01	-8.11e+00
114	464	-2.49e+01	-5.82e+00
181	690	-2.48e+01	-7.29e+00
105	443	-2.42e+01	-4.78e+00
101	432	-2.39e+01	-4.40e+00
236	903	-2.38e+01	-6.90e+00
237	908	-2.37e+01	-6.86e+00
249	970	-2.30e+01	-6.32e+00
169	688	-2.29e+01	-5.34e+00
124	534	-2.24e+01	-3.96e+00
176	726	-2.23e+01	-4.92e+00
167	707	-2.17e+01	-4.22e+00
223	918	-2.17e+01	-4.82e+00
151	670	-2.06e+01	-2.98e+00
138	620	-2.06e+01	-2.69e+00
151	677	-2.03e+01	-2.70e+00
144	672	-1.93e+01	-1.68e+00
95	474	-1.91e+01	-5.35e-02
200	913	-1.90e+01	-2.14e+00
189	869	-1.89e+01	-1.98e+00
188	878	-1.85e+01	-1.59e+00
81	430	-1.80e+01	1.52e+00
85	448	-1.80e+01	1.32e+00
115	590	-1.74e+01	6.12e-01
182	909	-1.69e+01	-2.47e-02
196	992	-1.64e+01	2.69e-01
111	602	-1.61e+01	1.87e+00
136	729	-1.58e+01	1.56e+00
137	741	-1.56e+01	1.75e+00
130	724	-1.50e+01	2.37e+00
142	799	-1.46e+01	2.55e+00
107	626	-1.44e+01	3.46e+00
172	971	-1.42e+01	2.55e+00
84	533	-1.32e+01	5.22e+00
GCV position: -13.613445378151255

Cluster 65:
139	843	-1.30e+01	3.98e+00
78	507	-1.29e+01	5.75e+00
79	513	-1.29e+01	5.71e+00
55	384	-1.26e+01	7.68e+00
69	476	-1.20e+01	6.97e+00
154	978	-1.20e+01	4.74e+00
38	296	-1.18e+01	1.08e+01
71	494	-1.18e+01	7.06e+00
23	212	-1.11e+01	1.73e+01
82	596	-1.05e+01	7.50e+00
139	964	-1.05e+01	6.23e+00
119	839	-1.04e+01	6.60e+00
119	871	-9.79e+00	7.16e+00
47	388	-9.58e+00	1.06e+01
38	327	-9.54e+00	1.21e+01
127	944	-9.45e+00	7.32e+00
52	429	-9.29e+00	1.03e+01
109	834	-9.17e+00	7.87e+00
51	427	-9.07e+00	1.05e+01
77	621	-8.82e+00	9.06e+00
41	362	-8.74e+00	1.20e+01
30	282	-8.74e+00	1.45e+01
73	602	-8.55e+00	9.44e+00
100	852	-7.63e+00	9.36e+00
25	264	-7.20e+00	1.70e+01
52	491	-7.02e+00	1.18e+01
104	957	-6.55e+00	1.02e+01
105	986	-6.29e+00	1.04e+01
24	271	-6.11e+00	1.77e+01
21	245	-6.03e+00	1.93e+01
14	182	-5.98e+00	2.73e+01
98	958	-5.84e+00	1.09e+01
94	924	-5.80e+00	1.10e+01
78	817	-5.18e+00	1.19e+01
78	883	-4.32e+00	1.26e+01
40	480	-4.21e+00	1.47e+01
56	665	-4.03e+00	1.36e+01
63	744	-4.01e+00	1.33e+01
65	786	-3.75e+00	1.34e+01
80	981	-3.51e+00	1.32e+01
67	844	-3.33e+00	1.37e+01
57	728	-3.28e+00	1.41e+01
39	523	-3.04e+00	1.55e+01
60	798	-2.88e+00	1.43e+01
31	435	-2.76e+00	1.67e+01
29	417	-2.57e+00	1.72e+01
44	622	-2.47e+00	1.54e+01
64	993	-1.61e+00	1.51e+01
52	839	-1.36e+00	1.57e+01
38	627	-1.26e+00	1.66e+01
31	534	-9.91e-01	1.75e+01
45	778	-9.00e-01	1.63e+01
47	844	-6.45e-01	1.64e+01
51	917	-6.30e-01	1.62e+01
49	902	-4.86e-01	1.64e+01
45	833	-4.57e-01	1.66e+01
38	722	-3.05e-01	1.71e+01
35	758	4.41e-01	1.77e+01
36	810	6.34e-01	1.77e+01
29	723	1.15e+00	1.86e+01
37	988	1.40e+00	1.81e+01
9	212	1.43e+00	2.98e+01
28	800	1.71e+00	1.89e+01
26	788	1.95e+00	1.91e+01
26	851	2.20e+00	1.92e+01
26	853	2.21e+00	1.92e+01
19	642	2.42e+00	2.02e+01
16	545	2.53e+00	2.09e+01
15	559	2.82e+00	2.11e+01
18	722	2.91e+00	2.03e+01
16	642	2.97e+00	2.07e+01
17	713	3.04e+00	2.05e+01
14	563	3.06e+00	2.13e+01
12	493	3.22e+00	2.20e+01
11	502	3.51e+00	2.22e+01
13	653	3.55e+00	2.13e+01
15	931	3.80e+00	2.06e+01
9	458	3.88e+00	2.31e+01
14	976	3.97e+00	2.07e+01
12	833	4.05e+00	2.11e+01
GCV position: 3.983849259757733

Cluster 66:
9	566	4.14e+00	2.24e+01
8	669	4.47e+00	2.21e+01
7	497	4.50e+00	2.33e+01
5	721	5.00e+00	2.24e+01
5	260	5.00e+00	2.94e+01
5	665	5.00e+00	2.27e+01
2	950	5.35e+00	2.21e+01
2	895	5.38e+00	2.23e+01
3	585	5.41e+00	2.35e+01
3	416	5.63e+00	2.54e+01
GCV position: 21.091405184174626

Pictures: 67
